<?xml version="1.0" encoding="UTF-8"?>
<!-- Generated by org.testng.reporters.JUnitReportReporter -->
<testsuite hostname="L-156153676" name="test.VerifyTestNG2" tests="3" failures="0" timestamp="13 Aug 2018 13:47:56 GMT" time="0.006" errors="0">
  <testcase name="VerifyTestNG2_TC01_Availability_Admin" time="0.002" classname="test.VerifyTestNG2"/>
  <testcase name="VerifyTestNG2_TC02_Availability_NonAdmin" time="0.002" classname="test.VerifyTestNG2"/>
  <testcase name="VerifyTestNG2_TC03_Default_Setup" time="0.002" classname="test.VerifyTestNG2"/>
</testsuite> <!-- test.VerifyTestNG2 -->
