<?xml version="1.0" encoding="UTF-8"?>
<!-- Generated by org.testng.reporters.JUnitReportReporter -->
<testsuite hostname="Ash" name="test.WorkflowTests" tests="2" failures="0" timestamp="15 Aug 2018 12:45:22 GMT" time="93.556" errors="0">
  <testcase name="WorkflowTests_TC02_Availability_NonAdmin" time="49.621" classname="test.WorkflowTests"/>
  <testcase name="WorkflowTests_TC01_Availability_Admin" time="43.935" classname="test.WorkflowTests"/>
</testsuite> <!-- test.WorkflowTests -->
